<?xml version="1.0" encoding="UTF-8"?>
<!-- Generated by org.testng.reporters.JUnitReportReporter -->
<testsuite skipped="0" hostname="DESKTOP-MQDT3DN" name="org.training.testNG.TestNGClass" tests="8" failures="0"
           timestamp="2022-11-21T21:53:00 IST" time="10.987" errors="0">
    <testcase name="openingTheBrowser" time="6.151" classname="org.training.testNG.TestNGClass"/>
    <system-out/>
    <testcase name="login" time="0.807" classname="org.training.testNG.TestNGClass"/>
    <system-out/>
    <testcase name="validateIfUserIsLoggedIn" time="0.166" classname="org.training.testNG.TestNGClass"/>
    <system-out/>
    <testcase name="validateElementsPresentInTheMenu" time="2.296" classname="org.training.testNG.TestNGClass"/>
    <system-out/>
    <testcase name="validateNumberOfProductsDisplayedInTheDashboardPage" time="0.048"
              classname="org.training.testNG.TestNGClass"/>
    <system-out/>
    <testcase name="validateProductTitlesDisplayedInTheDashboardPage" time="0.205"
              classname="org.training.testNG.TestNGClass"/>
    <system-out/>
    <testcase name="validateAddToCartFunctionality" time="0.442" classname="org.training.testNG.TestNGClass"/>
    <system-out/>
    <testcase name="closeTheBrowser" time="0.872" classname="org.training.testNG.TestNGClass"/>
    <system-out/>
</testsuite> <!-- org.training.testNG.TestNGClass -->
